[2020-03-22T21:03:34.560] [DEBUG] cheese - login => username:zs,password:123456
[2020-03-22T21:03:34.574] [DEBUG] cheese - zs
[2020-03-22T21:03:34.582] [DEBUG] cheese - { inspect: [Function: inspect] }
[2020-03-22T21:03:34.584] [DEBUG] cheese - 查询失败
[2020-03-22T21:03:52.391] [DEBUG] cheese - login => username:zs,password:123456
[2020-03-22T21:03:52.391] [DEBUG] cheese - zs
[2020-03-22T21:03:52.395] [DEBUG] cheese - { inspect: [Function: inspect] }
[2020-03-22T21:03:52.395] [DEBUG] cheese - 查询失败
[2020-03-22T21:04:08.478] [DEBUG] cheese - login => username:admin,password:123456
[2020-03-22T21:04:08.478] [DEBUG] cheese - admin
[2020-03-22T21:04:08.481] [DEBUG] cheese - { inspect: [Function: inspect] }
[2020-03-22T21:04:08.481] [DEBUG] cheese - 查询失败
[2020-03-22T21:05:01.955] [DEBUG] cheese - login => username:admin,password:123456
[2020-03-22T21:05:01.955] [DEBUG] cheese - admin
[2020-03-22T21:05:01.958] [DEBUG] cheese - { inspect: [Function: inspect] }
[2020-03-22T21:05:01.958] [DEBUG] cheese - 查询失败
[2020-03-22T21:06:57.629] [DEBUG] cheese - login => username:admin,password:123456
[2020-03-22T21:06:57.629] [DEBUG] cheese - admin
[2020-03-22T21:06:57.632] [DEBUG] cheese - { inspect: [Function: inspect] }
[2020-03-22T21:06:57.632] [DEBUG] cheese - 查询失败
[2020-03-22T21:07:43.866] [DEBUG] cheese - login => username:admin,password:123456
[2020-03-22T21:07:43.866] [DEBUG] cheese - admin
[2020-03-22T21:07:43.869] [DEBUG] cheese - { inspect: [Function: inspect] }
[2020-03-22T21:07:43.869] [DEBUG] cheese - 查询失败
[2020-03-22T21:08:34.308] [DEBUG] cheese - login => username:admin,password:123456
[2020-03-22T21:08:34.308] [DEBUG] cheese - admin
[2020-03-22T21:08:34.312] [DEBUG] cheese - { inspect: [Function: inspect] }
[2020-03-22T21:08:34.312] [DEBUG] cheese - 查询失败
[2020-03-22T21:08:37.245] [DEBUG] cheese - login => username:admin,password:123456
[2020-03-22T21:08:37.245] [DEBUG] cheese - admin
[2020-03-22T21:08:37.249] [DEBUG] cheese - { inspect: [Function: inspect] }
[2020-03-22T21:08:37.249] [DEBUG] cheese - 查询失败
[2020-03-22T21:08:38.435] [DEBUG] cheese - login => username:admin,password:123456
[2020-03-22T21:08:38.435] [DEBUG] cheese - admin
[2020-03-22T21:08:38.438] [DEBUG] cheese - { inspect: [Function: inspect] }
[2020-03-22T21:08:38.438] [DEBUG] cheese - 查询失败
[2020-03-22T21:08:38.834] [DEBUG] cheese - login => username:admin,password:123456
[2020-03-22T21:08:38.834] [DEBUG] cheese - admin
[2020-03-22T21:08:38.837] [DEBUG] cheese - { inspect: [Function: inspect] }
[2020-03-22T21:08:38.838] [DEBUG] cheese - 查询失败
[2020-03-22T21:08:48.207] [DEBUG] cheese - login => username:admin,password:123456
[2020-03-22T21:08:48.207] [DEBUG] cheese - admin
[2020-03-22T21:08:48.211] [DEBUG] cheese - { inspect: [Function: inspect] }
[2020-03-22T21:08:48.211] [DEBUG] cheese - 查询失败
[2020-03-22T21:08:57.074] [DEBUG] cheese - login => username:admin,password:123456
[2020-03-22T21:08:57.074] [DEBUG] cheese - admin
[2020-03-22T21:08:57.077] [DEBUG] cheese - { inspect: [Function: inspect] }
[2020-03-22T21:08:57.077] [DEBUG] cheese - 查询失败
[2020-03-22T21:08:58.539] [DEBUG] cheese - login => username:admin,password:123456
[2020-03-22T21:08:58.539] [DEBUG] cheese - admin
[2020-03-22T21:08:58.541] [DEBUG] cheese - { inspect: [Function: inspect] }
[2020-03-22T21:08:58.541] [DEBUG] cheese - 查询失败
[2020-03-22T21:08:58.914] [DEBUG] cheese - login => username:admin,password:123456
[2020-03-22T21:08:58.914] [DEBUG] cheese - admin
[2020-03-22T21:08:58.916] [DEBUG] cheese - { inspect: [Function: inspect] }
[2020-03-22T21:08:58.916] [DEBUG] cheese - 查询失败
[2020-03-22T21:09:04.162] [DEBUG] cheese - login => username:admin,password:1234
[2020-03-22T21:09:04.162] [DEBUG] cheese - admin
[2020-03-22T21:09:04.164] [DEBUG] cheese - { inspect: [Function: inspect] }
[2020-03-22T21:09:04.165] [DEBUG] cheese - 查询失败
[2020-03-22T21:09:07.018] [DEBUG] cheese - login => username:admin,password:12345
[2020-03-22T21:09:07.018] [DEBUG] cheese - admin
[2020-03-22T21:09:07.020] [DEBUG] cheese - { inspect: [Function: inspect] }
[2020-03-22T21:09:07.020] [DEBUG] cheese - 查询失败
[2020-03-22T21:09:08.942] [DEBUG] cheese - login => username:admin,password:123456
[2020-03-22T21:09:08.942] [DEBUG] cheese - admin
[2020-03-22T21:09:08.945] [DEBUG] cheese - { inspect: [Function: inspect] }
[2020-03-22T21:09:08.945] [DEBUG] cheese - 查询失败
[2020-03-22T21:09:16.949] [DEBUG] cheese - login => username:admin,password:123456
[2020-03-22T21:09:16.949] [DEBUG] cheese - admin
[2020-03-22T21:09:16.951] [DEBUG] cheese - { inspect: [Function: inspect] }
[2020-03-22T21:09:16.951] [DEBUG] cheese - 查询失败
[2020-03-22T21:13:42.688] [DEBUG] cheese - login => username:admin,password:12345
[2020-03-22T21:13:42.688] [DEBUG] cheese - admin
[2020-03-22T21:13:42.690] [DEBUG] cheese - { inspect: [Function: inspect] }
[2020-03-22T21:13:42.690] [DEBUG] cheese - 查询失败
[2020-03-22T21:20:14.796] [DEBUG] cheese - login => username:admin,password:12345
[2020-03-22T21:20:14.796] [DEBUG] cheese - admin
[2020-03-22T21:20:14.800] [DEBUG] cheese - { inspect: [Function: inspect] }
[2020-03-22T21:20:14.801] [DEBUG] cheese - 查询失败
[2020-03-22T21:20:33.243] [DEBUG] cheese - login => username:admin,password:123456
[2020-03-22T21:20:33.243] [DEBUG] cheese - admin
[2020-03-22T21:20:33.247] [DEBUG] cheese - { inspect: [Function: inspect] }
[2020-03-22T21:20:33.247] [DEBUG] cheese - 查询失败
[2020-03-22T21:20:37.617] [DEBUG] cheese - login => username:admin,password:123
[2020-03-22T21:20:37.617] [DEBUG] cheese - admin
[2020-03-22T21:20:37.620] [DEBUG] cheese - { inspect: [Function: inspect] }
[2020-03-22T21:20:37.620] [DEBUG] cheese - 查询失败
[2020-03-22T21:20:42.812] [DEBUG] cheese - login => username:admin,password:123456
[2020-03-22T21:20:42.812] [DEBUG] cheese - admin
[2020-03-22T21:20:42.816] [DEBUG] cheese - { inspect: [Function: inspect] }
[2020-03-22T21:20:42.816] [DEBUG] cheese - 查询失败
[2020-03-22T21:20:43.972] [DEBUG] cheese - login => username:admin,password:123456
[2020-03-22T21:20:43.972] [DEBUG] cheese - admin
[2020-03-22T21:20:43.974] [DEBUG] cheese - { inspect: [Function: inspect] }
[2020-03-22T21:20:43.975] [DEBUG] cheese - 查询失败
[2020-03-22T21:20:44.395] [DEBUG] cheese - login => username:admin,password:123456
[2020-03-22T21:20:44.395] [DEBUG] cheese - admin
[2020-03-22T21:20:44.399] [DEBUG] cheese - { inspect: [Function: inspect] }
[2020-03-22T21:20:44.399] [DEBUG] cheese - 查询失败
[2020-03-22T21:20:44.807] [DEBUG] cheese - login => username:admin,password:123456
[2020-03-22T21:20:44.807] [DEBUG] cheese - admin
[2020-03-22T21:20:44.812] [DEBUG] cheese - { inspect: [Function: inspect] }
[2020-03-22T21:20:44.812] [DEBUG] cheese - 查询失败
[2020-03-23T16:24:21.866] [DEBUG] cheese - login => username:nizeping,password:123444
[2020-03-23T16:24:21.868] [DEBUG] cheese - nizeping
[2020-03-23T16:24:21.897] [DEBUG] cheese - null
[2020-03-23T16:24:21.898] [DEBUG] cheese - null
[2020-03-23T16:26:10.258] [DEBUG] cheese - login => username:nizeping,password:1234333
[2020-03-23T16:26:10.258] [DEBUG] cheese - nizeping
[2020-03-23T16:26:10.261] [DEBUG] cheese - null
[2020-03-23T16:26:10.261] [DEBUG] cheese - null
[2020-03-23T16:26:57.733] [DEBUG] cheese - login => username:zs,password:123456
[2020-03-23T16:26:57.733] [DEBUG] cheese - zs
[2020-03-23T16:26:57.735] [DEBUG] cheese - null
[2020-03-23T16:26:57.736] [DEBUG] cheese - null
[2020-03-23T16:32:28.047] [DEBUG] cheese - login => username:nizeping,password:123444
[2020-03-23T16:32:28.047] [DEBUG] cheese - nizeping
[2020-03-23T16:32:28.050] [DEBUG] cheese - null
[2020-03-23T16:32:28.050] [DEBUG] cheese - null
[2020-03-23T16:33:44.598] [DEBUG] cheese - login => username:admin,password:123456
[2020-03-23T16:33:44.598] [DEBUG] cheese - admin
[2020-03-23T16:33:44.603] [DEBUG] cheese - null
[2020-03-23T16:33:44.603] [DEBUG] cheese - null
[2020-03-23T16:41:29.126] [DEBUG] cheese - login => username:admin,password:123456
[2020-03-23T16:41:29.127] [DEBUG] cheese - admin
[2020-03-23T16:41:29.129] [DEBUG] cheese - null
[2020-03-23T16:41:29.129] [DEBUG] cheese - null
[2020-03-23T16:43:09.721] [DEBUG] cheese - login => username:admin,password:123456
[2020-03-23T16:43:09.721] [DEBUG] cheese - admin
[2020-03-23T16:43:09.724] [DEBUG] cheese - null
[2020-03-23T16:43:09.724] [DEBUG] cheese - null
[2020-03-23T16:46:49.180] [DEBUG] cheese - login => username:admin,password:123456
[2020-03-23T16:46:49.180] [DEBUG] cheese - admin
[2020-03-23T16:46:49.183] [DEBUG] cheese - null
[2020-03-23T16:46:49.183] [DEBUG] cheese - null
[2020-03-23T16:47:31.460] [DEBUG] cheese - login => username:admin,password:123456
[2020-03-23T16:47:31.460] [DEBUG] cheese - admin
[2020-03-23T16:47:31.463] [DEBUG] cheese - null
[2020-03-23T16:47:31.463] [DEBUG] cheese - null
[2020-03-23T17:00:32.688] [DEBUG] cheese - login => username:admin,password:123456
[2020-03-23T17:00:32.688] [DEBUG] cheese - admin
[2020-03-23T17:00:32.691] [DEBUG] cheese - null
[2020-03-23T17:00:32.691] [DEBUG] cheese - null
[2020-03-23T17:05:21.589] [DEBUG] cheese - login => username:admin,password:123456
[2020-03-23T17:05:21.589] [DEBUG] cheese - admin
[2020-03-23T17:05:21.591] [DEBUG] cheese - null
[2020-03-23T17:05:21.592] [DEBUG] cheese - null
[2020-03-23T17:05:25.921] [DEBUG] cheese - login => username:admin,password:123456
[2020-03-23T17:05:25.922] [DEBUG] cheese - admin
[2020-03-23T17:05:25.924] [DEBUG] cheese - null
[2020-03-23T17:05:25.924] [DEBUG] cheese - null
[2020-03-23T17:06:23.920] [DEBUG] cheese - login => username:admin,password:123456
[2020-03-23T17:06:23.920] [DEBUG] cheese - admin
[2020-03-23T17:06:23.922] [DEBUG] cheese - null
[2020-03-23T17:06:23.922] [DEBUG] cheese - null
[2020-03-23T21:00:58.933] [DEBUG] cheese - login => username:admin,password:123456
[2020-03-23T21:00:58.933] [DEBUG] cheese - admin
[2020-03-23T21:00:58.937] [DEBUG] cheese - null
[2020-03-23T21:00:58.937] [DEBUG] cheese - null
[2020-03-23T21:03:03.052] [DEBUG] cheese - login => username:admin,password:123456
[2020-03-23T21:03:03.052] [DEBUG] cheese - admin
[2020-03-23T21:03:03.054] [DEBUG] cheese - null
[2020-03-23T21:03:03.054] [DEBUG] cheese - null
[2020-03-23T21:04:05.783] [DEBUG] cheese - login => username:admin,password:123456
[2020-03-23T21:04:05.783] [DEBUG] cheese - admin
[2020-03-23T21:04:05.787] [DEBUG] cheese - null
[2020-03-23T21:04:05.787] [DEBUG] cheese - null
[2020-03-23T21:04:46.509] [DEBUG] cheese - login => username:admin,password:123456
[2020-03-23T21:04:46.509] [DEBUG] cheese - admin
[2020-03-23T21:04:46.512] [DEBUG] cheese - null
[2020-03-23T21:04:46.512] [DEBUG] cheese - null
[2020-03-23T21:33:19.830] [DEBUG] cheese - login => username:admin,password:123456
[2020-03-23T21:33:19.830] [DEBUG] cheese - admin
[2020-03-23T21:33:19.833] [DEBUG] cheese - null
[2020-03-23T21:33:19.834] [DEBUG] cheese - null
[2020-03-23T21:34:07.179] [DEBUG] cheese - login => username:admin,password:123456
[2020-03-23T21:34:07.179] [DEBUG] cheese - admin
[2020-03-23T21:34:07.182] [DEBUG] cheese - null
[2020-03-23T21:34:07.182] [DEBUG] cheese - null
[2020-03-23T22:45:08.946] [DEBUG] cheese - login => username:admin,password:123456
[2020-03-23T22:45:08.946] [DEBUG] cheese - admin
[2020-03-23T22:45:09.022] [DEBUG] cheese - null
[2020-03-23T22:45:09.023] [DEBUG] cheese - null
[2020-03-23T23:01:37.636] [DEBUG] cheese - login => username:admin,password:123456
[2020-03-23T23:01:37.636] [DEBUG] cheese - admin
[2020-03-23T23:01:37.640] [DEBUG] cheese - null
[2020-03-23T23:01:37.641] [DEBUG] cheese - null
[2020-03-23T23:15:04.878] [DEBUG] cheese - login => username:admin,password:123456
[2020-03-23T23:15:04.878] [DEBUG] cheese - admin
[2020-03-23T23:15:04.880] [DEBUG] cheese - null
[2020-03-23T23:15:04.880] [DEBUG] cheese - null
[2020-03-23T23:16:24.327] [DEBUG] cheese - login => username:admin,password:123456
[2020-03-23T23:16:24.327] [DEBUG] cheese - admin
[2020-03-23T23:16:24.330] [DEBUG] cheese - null
[2020-03-23T23:16:24.330] [DEBUG] cheese - null
[2020-03-24T15:01:26.207] [DEBUG] cheese - login => username:admin,password:123456
[2020-03-24T15:01:26.208] [DEBUG] cheese - admin
[2020-03-24T15:01:26.453] [DEBUG] cheese - null
[2020-03-24T15:01:26.453] [DEBUG] cheese - null
[2020-03-24T15:05:55.171] [DEBUG] cheese - login => username:admin,password:123456
[2020-03-24T15:05:55.171] [DEBUG] cheese - admin
[2020-03-24T15:05:55.175] [DEBUG] cheese - null
[2020-03-24T15:05:55.175] [DEBUG] cheese - null
[2020-03-24T15:07:13.800] [DEBUG] cheese - login => username:admin,password:123456
[2020-03-24T15:07:13.800] [DEBUG] cheese - admin
[2020-03-24T15:07:13.803] [DEBUG] cheese - null
[2020-03-24T15:07:13.803] [DEBUG] cheese - null
[2020-03-24T15:08:20.793] [DEBUG] cheese - login => username:admin,password:123456
[2020-03-24T15:08:20.793] [DEBUG] cheese - admin
[2020-03-24T15:08:20.795] [DEBUG] cheese - null
[2020-03-24T15:08:20.795] [DEBUG] cheese - null
[2020-03-24T15:08:26.109] [DEBUG] cheese - login => username:admin,password:123456
[2020-03-24T15:08:26.110] [DEBUG] cheese - admin
[2020-03-24T15:08:26.113] [DEBUG] cheese - null
[2020-03-24T15:08:26.113] [DEBUG] cheese - null
[2020-03-24T22:01:14.241] [DEBUG] cheese - login => username:admin,password:123456
[2020-03-24T22:01:14.241] [DEBUG] cheese - admin
[2020-03-24T22:01:14.248] [DEBUG] cheese - null
[2020-03-24T22:01:14.248] [DEBUG] cheese - null
[2020-03-24T22:10:01.198] [DEBUG] cheese - login => username:admin,password:123456
[2020-03-24T22:10:01.199] [DEBUG] cheese - admin
[2020-03-24T22:10:01.201] [DEBUG] cheese - null
[2020-03-24T22:10:01.201] [DEBUG] cheese - null
[2020-03-24T22:25:21.856] [DEBUG] cheese - login => username:admin,password:123456
[2020-03-24T22:25:21.856] [DEBUG] cheese - admin
[2020-03-24T22:25:21.862] [DEBUG] cheese - null
[2020-03-24T22:25:21.862] [DEBUG] cheese - null
[2020-03-24T22:49:05.340] [DEBUG] cheese - login => username:admin,password:123456
[2020-03-24T22:49:05.340] [DEBUG] cheese - admin
[2020-03-24T22:49:05.342] [DEBUG] cheese - null
[2020-03-24T22:49:05.342] [DEBUG] cheese - null
[2020-03-24T22:53:03.523] [DEBUG] cheese - login => username:admin,password:123456
[2020-03-24T22:53:03.523] [DEBUG] cheese - admin
[2020-03-24T22:53:03.527] [DEBUG] cheese - null
[2020-03-24T22:53:03.527] [DEBUG] cheese - null
[2020-03-24T22:57:49.691] [DEBUG] cheese - login => username:admin,password:123456
[2020-03-24T22:57:49.691] [DEBUG] cheese - admin
[2020-03-24T22:57:49.694] [DEBUG] cheese - null
[2020-03-24T22:57:49.695] [DEBUG] cheese - null
[2020-03-24T23:34:47.050] [DEBUG] cheese - login => username:admin,password:123456
[2020-03-24T23:34:47.050] [DEBUG] cheese - admin
[2020-03-24T23:34:47.053] [DEBUG] cheese - null
[2020-03-24T23:34:47.054] [DEBUG] cheese - null
[2020-03-25T13:31:35.378] [DEBUG] cheese - login => username:admin,password:123456
[2020-03-25T13:31:35.379] [DEBUG] cheese - admin
[2020-03-25T13:31:35.454] [DEBUG] cheese - null
[2020-03-25T13:31:35.454] [DEBUG] cheese - null
[2020-03-25T17:37:25.691] [DEBUG] cheese - login => username:admin,password:123456
[2020-03-25T17:37:25.691] [DEBUG] cheese - admin
[2020-03-25T17:37:25.695] [DEBUG] cheese - null
[2020-03-25T17:37:25.695] [DEBUG] cheese - null
[2020-03-25T21:36:57.701] [DEBUG] cheese - login => username:admin,password:123456
[2020-03-25T21:36:57.701] [DEBUG] cheese - admin
[2020-03-25T21:36:57.703] [DEBUG] cheese - null
[2020-03-25T21:36:57.703] [DEBUG] cheese - null
[2020-03-26T14:24:02.607] [DEBUG] cheese - login => username:admin,password:123456
[2020-03-26T14:24:02.608] [DEBUG] cheese - admin
[2020-03-26T14:24:02.706] [DEBUG] cheese - null
[2020-03-26T14:24:02.707] [DEBUG] cheese - null
[2020-03-26T16:40:23.430] [DEBUG] cheese - null
[2020-03-26T16:41:07.819] [DEBUG] cheese - null
[2020-03-26T16:42:13.264] [DEBUG] cheese - null
[2020-03-27T15:41:05.554] [DEBUG] cheese - login => username:admin,password:123456
[2020-03-27T15:41:05.555] [DEBUG] cheese - admin
[2020-03-27T15:41:05.706] [DEBUG] cheese - null
[2020-03-27T15:41:05.706] [DEBUG] cheese - null
[2020-03-28T16:47:14.433] [DEBUG] cheese - login => username:admin,password:123456
[2020-03-28T16:47:14.434] [DEBUG] cheese - admin
[2020-03-28T16:47:14.459] [DEBUG] cheese - null
[2020-03-28T16:47:14.459] [DEBUG] cheese - null
[2020-03-29T18:56:22.354] [DEBUG] cheese - login => username:admin,password:123456
[2020-03-29T18:56:22.355] [DEBUG] cheese - admin
[2020-03-29T18:56:22.668] [DEBUG] cheese - null
[2020-03-29T18:56:22.669] [DEBUG] cheese - null
[2020-03-30T15:44:43.949] [DEBUG] cheese - login => username:admin,password:123456
[2020-03-30T15:44:43.951] [DEBUG] cheese - admin
[2020-03-30T15:44:44.100] [DEBUG] cheese - null
[2020-03-30T15:44:44.100] [DEBUG] cheese - null
[2020-04-01T15:30:17.518] [DEBUG] cheese - login => username:admin,password:123456
[2020-04-01T15:30:17.520] [DEBUG] cheese - admin
[2020-04-01T15:30:17.559] [DEBUG] cheese - null
[2020-04-01T15:30:17.560] [DEBUG] cheese - null
[2020-04-01T20:41:19.536] [DEBUG] cheese - null
[2020-04-02T13:59:39.076] [DEBUG] cheese - login => username:admin,password:123456
[2020-04-02T13:59:39.077] [DEBUG] cheese - admin
[2020-04-02T13:59:39.125] [DEBUG] cheese - null
[2020-04-02T13:59:39.126] [DEBUG] cheese - null
[2020-04-02T15:03:04.268] [DEBUG] cheese - login => username:admin,password:123456
[2020-04-02T15:03:04.269] [DEBUG] cheese - admin
[2020-04-02T15:03:04.275] [DEBUG] cheese - null
[2020-04-02T15:03:04.276] [DEBUG] cheese - null
[2020-04-02T15:13:32.763] [DEBUG] cheese - login => username:admin,password:123456
[2020-04-02T15:13:32.763] [DEBUG] cheese - admin
[2020-04-02T15:13:32.767] [DEBUG] cheese - null
[2020-04-02T15:13:32.767] [DEBUG] cheese - null
[2020-04-02T15:17:02.397] [DEBUG] cheese - login => username:admin,password:123456
[2020-04-02T15:17:02.397] [DEBUG] cheese - admin
[2020-04-02T15:17:02.400] [DEBUG] cheese - null
[2020-04-02T15:17:02.400] [DEBUG] cheese - null
[2020-04-02T15:33:53.143] [DEBUG] cheese - login => username:admin,password:123456
[2020-04-02T15:33:53.144] [DEBUG] cheese - admin
[2020-04-02T15:33:53.146] [DEBUG] cheese - null
[2020-04-02T15:33:53.146] [DEBUG] cheese - null
[2020-04-02T15:53:46.684] [DEBUG] cheese - login => username:admin,password:123456
[2020-04-02T15:53:46.684] [DEBUG] cheese - admin
[2020-04-02T15:53:46.687] [DEBUG] cheese - null
[2020-04-02T15:53:46.687] [DEBUG] cheese - null
[2020-04-02T15:54:30.123] [DEBUG] cheese - login => username:admin,password:123456
[2020-04-02T15:54:30.123] [DEBUG] cheese - admin
[2020-04-02T15:54:30.126] [DEBUG] cheese - null
[2020-04-02T15:54:30.126] [DEBUG] cheese - null
[2020-04-02T15:58:26.892] [DEBUG] cheese - login => username:admin,password:123456
[2020-04-02T15:58:26.892] [DEBUG] cheese - admin
[2020-04-02T15:58:26.894] [DEBUG] cheese - null
[2020-04-02T15:58:26.895] [DEBUG] cheese - null
[2020-04-02T16:36:31.159] [DEBUG] cheese - login => username:admin,password:123456
[2020-04-02T16:36:31.159] [DEBUG] cheese - admin
[2020-04-02T16:36:31.162] [DEBUG] cheese - null
[2020-04-02T16:36:31.162] [DEBUG] cheese - null
[2020-04-02T16:41:26.427] [DEBUG] cheese - login => username:admin,password:123456
[2020-04-02T16:41:26.427] [DEBUG] cheese - admin
[2020-04-02T16:41:26.429] [DEBUG] cheese - null
[2020-04-02T16:41:26.429] [DEBUG] cheese - null
[2020-04-02T16:51:10.951] [DEBUG] cheese - login => username:admin,password:123456
[2020-04-02T16:51:10.951] [DEBUG] cheese - admin
[2020-04-02T16:51:10.953] [DEBUG] cheese - null
[2020-04-02T16:51:10.954] [DEBUG] cheese - null
[2020-04-02T18:46:00.209] [DEBUG] cheese - login => username:admin,password:123456
[2020-04-02T18:46:00.210] [DEBUG] cheese - admin
[2020-04-02T18:46:00.212] [DEBUG] cheese - null
[2020-04-02T18:46:00.212] [DEBUG] cheese - null
[2020-04-02T18:53:00.364] [DEBUG] cheese - login => username:admin,password:123456
[2020-04-02T18:53:00.364] [DEBUG] cheese - admin
[2020-04-02T18:53:00.367] [DEBUG] cheese - null
[2020-04-02T18:53:00.367] [DEBUG] cheese - null
[2020-04-02T19:32:43.300] [DEBUG] cheese - login => username:admin,password:123456
[2020-04-02T19:32:43.300] [DEBUG] cheese - admin
[2020-04-02T19:32:43.302] [DEBUG] cheese - null
[2020-04-02T19:32:43.302] [DEBUG] cheese - null
[2020-04-02T19:41:17.987] [DEBUG] cheese - login => username:admin,password:123456
[2020-04-02T19:41:17.989] [DEBUG] cheese - admin
[2020-04-02T19:41:17.992] [DEBUG] cheese - null
[2020-04-02T19:41:17.993] [DEBUG] cheese - null
[2020-04-02T19:44:34.352] [DEBUG] cheese - login => username:admin,password:123456
[2020-04-02T19:44:34.352] [DEBUG] cheese - admin
[2020-04-02T19:44:34.355] [DEBUG] cheese - null
[2020-04-02T19:44:34.355] [DEBUG] cheese - null
[2020-04-02T19:47:54.719] [DEBUG] cheese - login => username:admin,password:123456
[2020-04-02T19:47:54.719] [DEBUG] cheese - admin
[2020-04-02T19:47:54.721] [DEBUG] cheese - null
[2020-04-02T19:47:54.722] [DEBUG] cheese - null
[2020-04-02T19:53:29.500] [DEBUG] cheese - login => username:admin,password:123456
[2020-04-02T19:53:29.500] [DEBUG] cheese - admin
[2020-04-02T19:53:29.502] [DEBUG] cheese - null
[2020-04-02T19:53:29.502] [DEBUG] cheese - null
[2020-04-02T19:59:10.522] [DEBUG] cheese - login => username:admin,password:123456
[2020-04-02T19:59:10.522] [DEBUG] cheese - admin
[2020-04-02T19:59:10.524] [DEBUG] cheese - null
[2020-04-02T19:59:10.524] [DEBUG] cheese - null
[2020-04-02T20:05:47.148] [DEBUG] cheese - login => username:admin,password:123456
[2020-04-02T20:05:47.148] [DEBUG] cheese - admin
[2020-04-02T20:05:47.150] [DEBUG] cheese - null
[2020-04-02T20:05:47.150] [DEBUG] cheese - null
[2020-04-02T20:10:41.659] [DEBUG] cheese - login => username:admin,password:123456
[2020-04-02T20:10:41.659] [DEBUG] cheese - admin
[2020-04-02T20:10:41.661] [DEBUG] cheese - null
[2020-04-02T20:10:41.662] [DEBUG] cheese - null
[2020-04-02T20:19:13.035] [DEBUG] cheese - login => username:admin,password:123456
[2020-04-02T20:19:13.035] [DEBUG] cheese - admin
[2020-04-02T20:19:13.038] [DEBUG] cheese - null
[2020-04-02T20:19:13.038] [DEBUG] cheese - null
[2020-04-02T20:32:33.351] [DEBUG] cheese - login => username:admin,password:123456
[2020-04-02T20:32:33.351] [DEBUG] cheese - admin
[2020-04-02T20:32:33.354] [DEBUG] cheese - null
[2020-04-02T20:32:33.354] [DEBUG] cheese - null
